{"C:\\Users\\staro\\Desktop\\react production\\config\\jest\\jestEmptyComponent.tsx": {"path":"C:\\Users\\staro\\Desktop\\react production\\config\\jest\\jestEmptyComponent.tsx","statementMap":{"0":{"start":{"line":3,"column":27},"end":{"line":5,"column":1}},"1":{"start":{"line":4,"column":2},"end":{"line":4,"column":17}}},"fnMap":{"0":{"name":"(anonymous_0)","decl":{"start":{"line":3,"column":27},"end":{"line":3,"column":28}},"loc":{"start":{"line":3,"column":44},"end":{"line":5,"column":1}},"line":3}},"branchMap":{},"s":{"0":1,"1":3},"f":{"0":3},"b":{},"_coverageSchema":"1a1c01bbd47fc00a2c39e90264f33305004495a9","hash":"9c99570ece87dfd0c3f160b9ad16979347b1d48b"}
,"C:\\Users\\staro\\Desktop\\react production\\src\\app\\providers\\ThemeProvider\\index.ts": {"path":"C:\\Users\\staro\\Desktop\\react production\\src\\app\\providers\\ThemeProvider\\index.ts","statementMap":{},"fnMap":{},"branchMap":{},"s":{},"f":{},"b":{},"_coverageSchema":"1a1c01bbd47fc00a2c39e90264f33305004495a9","hash":"9f0197cfee0dcd57a45448ff88858dfe3feb7bed"}
,"C:\\Users\\staro\\Desktop\\react production\\src\\app\\providers\\ThemeProvider\\lib\\ThemeContext.ts": {"path":"C:\\Users\\staro\\Desktop\\react production\\src\\app\\providers\\ThemeProvider\\lib\\ThemeContext.ts","statementMap":{"0":{"start":{"line":13,"column":28},"end":{"line":15,"column":2}},"1":{"start":{"line":17,"column":39},"end":{"line":17,"column":46}}},"fnMap":{},"branchMap":{},"s":{"0":1,"1":1},"f":{},"b":{},"_coverageSchema":"1a1c01bbd47fc00a2c39e90264f33305004495a9","hash":"89f2952cea1db315a874c190979406dc56a12cf0"}
,"C:\\Users\\staro\\Desktop\\react production\\src\\app\\providers\\ThemeProvider\\lib\\useTheme.ts": {"path":"C:\\Users\\staro\\Desktop\\react production\\src\\app\\providers\\ThemeProvider\\lib\\useTheme.ts","statementMap":{"0":{"start":{"line":10,"column":30},"end":{"line":10,"column":54}},"1":{"start":{"line":12,"column":22},"end":{"line":18,"column":3}},"2":{"start":{"line":13,"column":21},"end":{"line":13,"column":69}},"3":{"start":{"line":14,"column":4},"end":{"line":16,"column":5}},"4":{"start":{"line":15,"column":6},"end":{"line":15,"column":25}},"5":{"start":{"line":17,"column":4},"end":{"line":17,"column":60}},"6":{"start":{"line":20,"column":2},"end":{"line":23,"column":4}}},"fnMap":{"0":{"name":"useTheme","decl":{"start":{"line":9,"column":16},"end":{"line":9,"column":24}},"loc":{"start":{"line":9,"column":44},"end":{"line":24,"column":1}},"line":9},"1":{"name":"(anonymous_1)","decl":{"start":{"line":12,"column":22},"end":{"line":12,"column":23}},"loc":{"start":{"line":12,"column":34},"end":{"line":18,"column":3}},"line":12}},"branchMap":{"0":{"loc":{"start":{"line":13,"column":21},"end":{"line":13,"column":69}},"type":"cond-expr","locations":[{"start":{"line":13,"column":45},"end":{"line":13,"column":55}},{"start":{"line":13,"column":58},"end":{"line":13,"column":69}}],"line":13},"1":{"loc":{"start":{"line":14,"column":4},"end":{"line":16,"column":5}},"type":"if","locations":[{"start":{"line":14,"column":4},"end":{"line":16,"column":5}},{"start":{},"end":{}}],"line":14}},"s":{"0":3,"1":3,"2":0,"3":0,"4":0,"5":0,"6":3},"f":{"0":3,"1":0},"b":{"0":[0,0],"1":[0,0]},"_coverageSchema":"1a1c01bbd47fc00a2c39e90264f33305004495a9","hash":"99514bfb378f4f4814824f68bbffafc70c473fbd"}
,"C:\\Users\\staro\\Desktop\\react production\\src\\app\\providers\\ThemeProvider\\ui\\ThemeProvider.tsx": {"path":"C:\\Users\\staro\\Desktop\\react production\\src\\app\\providers\\ThemeProvider\\ui\\ThemeProvider.tsx","statementMap":{"0":{"start":{"line":5,"column":21},"end":{"line":5,"column":90}},"1":{"start":{"line":7,"column":52},"end":{"line":20,"column":1}},"2":{"start":{"line":8,"column":28},"end":{"line":8,"column":57}},"3":{"start":{"line":10,"column":23},"end":{"line":13,"column":14}},"4":{"start":{"line":10,"column":38},"end":{"line":13,"column":3}},"5":{"start":{"line":15,"column":2},"end":{"line":19,"column":4}}},"fnMap":{"0":{"name":"(anonymous_0)","decl":{"start":{"line":7,"column":52},"end":{"line":7,"column":53}},"loc":{"start":{"line":7,"column":70},"end":{"line":20,"column":1}},"line":7},"1":{"name":"(anonymous_1)","decl":{"start":{"line":10,"column":31},"end":{"line":10,"column":32}},"loc":{"start":{"line":10,"column":38},"end":{"line":13,"column":3}},"line":10}},"branchMap":{"0":{"loc":{"start":{"line":5,"column":21},"end":{"line":5,"column":90}},"type":"binary-expr","locations":[{"start":{"line":5,"column":21},"end":{"line":5,"column":75}},{"start":{"line":5,"column":79},"end":{"line":5,"column":90}}],"line":5}},"s":{"0":1,"1":1,"2":0,"3":0,"4":0,"5":0},"f":{"0":0,"1":0},"b":{"0":[1,1]},"_coverageSchema":"1a1c01bbd47fc00a2c39e90264f33305004495a9","hash":"3f46191374be09e1bb13db54a4f344b9b76f43d9"}
,"C:\\Users\\staro\\Desktop\\react production\\src\\features\\LanguageSwitcher\\index.ts": {"path":"C:\\Users\\staro\\Desktop\\react production\\src\\features\\LanguageSwitcher\\index.ts","statementMap":{},"fnMap":{},"branchMap":{},"s":{},"f":{},"b":{},"_coverageSchema":"1a1c01bbd47fc00a2c39e90264f33305004495a9","hash":"3eb0a915e58181ae0e7b85b826f30963081ba4a5"}
,"C:\\Users\\staro\\Desktop\\react production\\src\\features\\LanguageSwitcher\\ui\\LanguageSwitcher.tsx": {"path":"C:\\Users\\staro\\Desktop\\react production\\src\\features\\LanguageSwitcher\\ui\\LanguageSwitcher.tsx","statementMap":{"0":{"start":{"line":10,"column":59},"end":{"line":34,"column":1}},"1":{"start":{"line":13,"column":6},"end":{"line":13,"column":11}},"2":{"start":{"line":15,"column":22},"end":{"line":15,"column":38}},"3":{"start":{"line":17,"column":17},"end":{"line":23,"column":3}},"4":{"start":{"line":18,"column":4},"end":{"line":22,"column":6}},"5":{"start":{"line":25,"column":2},"end":{"line":33,"column":4}}},"fnMap":{"0":{"name":"(anonymous_0)","decl":{"start":{"line":10,"column":59},"end":{"line":10,"column":60}},"loc":{"start":{"line":10,"column":70},"end":{"line":34,"column":1}},"line":10},"1":{"name":"(anonymous_1)","decl":{"start":{"line":17,"column":17},"end":{"line":17,"column":18}},"loc":{"start":{"line":17,"column":29},"end":{"line":23,"column":3}},"line":17}},"branchMap":{"0":{"loc":{"start":{"line":19,"column":6},"end":{"line":21,"column":14}},"type":"cond-expr","locations":[{"start":{"line":20,"column":10},"end":{"line":20,"column":14}},{"start":{"line":21,"column":10},"end":{"line":21,"column":14}}],"line":19}},"s":{"0":1,"1":3,"2":3,"3":3,"4":0,"5":3},"f":{"0":3,"1":0},"b":{"0":[0,0]},"_coverageSchema":"1a1c01bbd47fc00a2c39e90264f33305004495a9","hash":"10390923b964c02305f657e2f9e4754c6e2d76cd"}
,"C:\\Users\\staro\\Desktop\\react production\\src\\features\\ThemeSwitcher\\index.ts": {"path":"C:\\Users\\staro\\Desktop\\react production\\src\\features\\ThemeSwitcher\\index.ts","statementMap":{},"fnMap":{},"branchMap":{},"s":{},"f":{},"b":{},"_coverageSchema":"1a1c01bbd47fc00a2c39e90264f33305004495a9","hash":"1e0bc2a06fcfe295cb204e400aec365df04f04d9"}
,"C:\\Users\\staro\\Desktop\\react production\\src\\features\\ThemeSwitcher\\ui\\ThemeSwitcher.tsx": {"path":"C:\\Users\\staro\\Desktop\\react production\\src\\features\\ThemeSwitcher\\ui\\ThemeSwitcher.tsx","statementMap":{"0":{"start":{"line":12,"column":53},"end":{"line":27,"column":1}},"1":{"start":{"line":13,"column":33},"end":{"line":13,"column":43}},"2":{"start":{"line":15,"column":2},"end":{"line":26,"column":4}}},"fnMap":{"0":{"name":"(anonymous_0)","decl":{"start":{"line":12,"column":53},"end":{"line":12,"column":54}},"loc":{"start":{"line":12,"column":72},"end":{"line":27,"column":1}},"line":12}},"branchMap":{"0":{"loc":{"start":{"line":17,"column":37},"end":{"line":17,"column":52}},"type":"binary-expr","locations":[{"start":{"line":17,"column":37},"end":{"line":17,"column":46}},{"start":{"line":17,"column":50},"end":{"line":17,"column":52}}],"line":17},"1":{"loc":{"start":{"line":21,"column":7},"end":{"line":23,"column":21}},"type":"cond-expr","locations":[{"start":{"line":22,"column":10},"end":{"line":22,"column":22}},{"start":{"line":23,"column":10},"end":{"line":23,"column":21}}],"line":21}},"s":{"0":1,"1":3,"2":3},"f":{"0":3},"b":{"0":[3,3],"1":[3,0]},"_coverageSchema":"1a1c01bbd47fc00a2c39e90264f33305004495a9","hash":"4c590e4ba545aab08783ce833f0f7e465d288e3b"}
,"C:\\Users\\staro\\Desktop\\react production\\src\\shared\\config\\i18n\\i18nForTest.ts": {"path":"C:\\Users\\staro\\Desktop\\react production\\src\\shared\\config\\i18n\\i18nForTest.ts","statementMap":{"0":{"start":{"line":4,"column":0},"end":{"line":15,"column":5}}},"fnMap":{},"branchMap":{},"s":{"0":1},"f":{},"b":{},"_coverageSchema":"1a1c01bbd47fc00a2c39e90264f33305004495a9","hash":"0ea2b41173b28d59196148a62fb57976dcdb1090"}
,"C:\\Users\\staro\\Desktop\\react production\\src\\shared\\lib\\classNames\\classNames.ts": {"path":"C:\\Users\\staro\\Desktop\\react production\\src\\shared\\lib\\classNames\\classNames.ts","statementMap":{"0":{"start":{"line":4,"column":2},"end":{"line":10,"column":14}},"1":{"start":{"line":8,"column":29},"end":{"line":8,"column":36}},"2":{"start":{"line":9,"column":28},"end":{"line":9,"column":37}}},"fnMap":{"0":{"name":"classNames","decl":{"start":{"line":3,"column":16},"end":{"line":3,"column":26}},"loc":{"start":{"line":3,"column":110},"end":{"line":11,"column":1}},"line":3},"1":{"name":"(anonymous_1)","decl":{"start":{"line":8,"column":14},"end":{"line":8,"column":15}},"loc":{"start":{"line":8,"column":29},"end":{"line":8,"column":36}},"line":8},"2":{"name":"(anonymous_2)","decl":{"start":{"line":9,"column":11},"end":{"line":9,"column":12}},"loc":{"start":{"line":9,"column":28},"end":{"line":9,"column":37}},"line":9}},"branchMap":{"0":{"loc":{"start":{"line":3,"column":41},"end":{"line":3,"column":56}},"type":"default-arg","locations":[{"start":{"line":3,"column":54},"end":{"line":3,"column":56}}],"line":3},"1":{"loc":{"start":{"line":3,"column":58},"end":{"line":3,"column":100}},"type":"default-arg","locations":[{"start":{"line":3,"column":98},"end":{"line":3,"column":100}}],"line":3}},"s":{"0":29,"1":23,"2":6},"f":{"0":29,"1":23,"2":6},"b":{"0":[1],"1":[2]},"_coverageSchema":"1a1c01bbd47fc00a2c39e90264f33305004495a9","hash":"0739461b7c35a22ffba0ebca163359798e96f957"}
,"C:\\Users\\staro\\Desktop\\react production\\src\\shared\\lib\\renderWithTranslation\\renderWithTranslation.tsx": {"path":"C:\\Users\\staro\\Desktop\\react production\\src\\shared\\lib\\renderWithTranslation\\renderWithTranslation.tsx","statementMap":{"0":{"start":{"line":7,"column":2},"end":{"line":11,"column":4}}},"fnMap":{"0":{"name":"renderWithTranslation","decl":{"start":{"line":6,"column":16},"end":{"line":6,"column":37}},"loc":{"start":{"line":6,"column":75},"end":{"line":12,"column":1}},"line":6}},"branchMap":{},"s":{"0":2},"f":{"0":2},"b":{},"_coverageSchema":"1a1c01bbd47fc00a2c39e90264f33305004495a9","hash":"88e21fb9b4ba50493ca4917849cd1fe4fd2cf9cb"}
,"C:\\Users\\staro\\Desktop\\react production\\src\\shared\\ui\\Button\\Button.tsx": {"path":"C:\\Users\\staro\\Desktop\\react production\\src\\shared\\ui\\Button\\Button.tsx","statementMap":{"0":{"start":{"line":25,"column":39},"end":{"line":58,"column":1}},"1":{"start":{"line":33,"column":6},"end":{"line":33,"column":11}},"2":{"start":{"line":35,"column":18},"end":{"line":48,"column":3}},"3":{"start":{"line":36,"column":22},"end":{"line":36,"column":35}},"4":{"start":{"line":37,"column":17},"end":{"line":39,"column":5}},"5":{"start":{"line":41,"column":23},"end":{"line":41,"column":48}},"6":{"start":{"line":43,"column":4},"end":{"line":45,"column":5}},"7":{"start":{"line":44,"column":6},"end":{"line":44,"column":37}},"8":{"start":{"line":47,"column":4},"end":{"line":47,"column":51}},"9":{"start":{"line":50,"column":2},"end":{"line":57,"column":4}}},"fnMap":{"0":{"name":"(anonymous_0)","decl":{"start":{"line":25,"column":39},"end":{"line":25,"column":40}},"loc":{"start":{"line":25,"column":50},"end":{"line":58,"column":1}},"line":25},"1":{"name":"(anonymous_1)","decl":{"start":{"line":35,"column":18},"end":{"line":35,"column":19}},"loc":{"start":{"line":35,"column":32},"end":{"line":48,"column":3}},"line":35}},"branchMap":{"0":{"loc":{"start":{"line":31,"column":4},"end":{"line":31,"column":23}},"type":"default-arg","locations":[{"start":{"line":31,"column":11},"end":{"line":31,"column":23}}],"line":31},"1":{"loc":{"start":{"line":43,"column":4},"end":{"line":45,"column":5}},"type":"if","locations":[{"start":{"line":43,"column":4},"end":{"line":45,"column":5}},{"start":{},"end":{}}],"line":43}},"s":{"0":2,"1":16,"2":16,"3":16,"4":16,"5":16,"6":16,"7":12,"8":16,"9":16},"f":{"0":16,"1":16},"b":{"0":[10],"1":[12,4]},"_coverageSchema":"1a1c01bbd47fc00a2c39e90264f33305004495a9","hash":"fcf3a309ea634c5237b4dd5ca39c9b6fcce80536"}
,"C:\\Users\\staro\\Desktop\\react production\\src\\widgets\\Sidebar\\index.ts": {"path":"C:\\Users\\staro\\Desktop\\react production\\src\\widgets\\Sidebar\\index.ts","statementMap":{},"fnMap":{},"branchMap":{},"s":{},"f":{},"b":{},"_coverageSchema":"1a1c01bbd47fc00a2c39e90264f33305004495a9","hash":"4ac90c28e259d6c45f7ed16cac2695fe78786fc7"}
,"C:\\Users\\staro\\Desktop\\react production\\src\\widgets\\Sidebar\\ui\\Sidebar\\Sidebar.tsx": {"path":"C:\\Users\\staro\\Desktop\\react production\\src\\widgets\\Sidebar\\ui\\Sidebar\\Sidebar.tsx","statementMap":{"0":{"start":{"line":13,"column":41},"end":{"line":45,"column":1}},"1":{"start":{"line":16,"column":6},"end":{"line":16,"column":11}},"2":{"start":{"line":18,"column":36},"end":{"line":18,"column":51}},"3":{"start":{"line":20,"column":19},"end":{"line":22,"column":3}},"4":{"start":{"line":21,"column":4},"end":{"line":21,"column":32}},"5":{"start":{"line":21,"column":25},"end":{"line":21,"column":30}},"6":{"start":{"line":24,"column":2},"end":{"line":44,"column":4}}},"fnMap":{"0":{"name":"(anonymous_0)","decl":{"start":{"line":13,"column":41},"end":{"line":13,"column":42}},"loc":{"start":{"line":13,"column":52},"end":{"line":45,"column":1}},"line":13},"1":{"name":"(anonymous_1)","decl":{"start":{"line":20,"column":19},"end":{"line":20,"column":20}},"loc":{"start":{"line":20,"column":31},"end":{"line":22,"column":3}},"line":20},"2":{"name":"(anonymous_2)","decl":{"start":{"line":21,"column":17},"end":{"line":21,"column":18}},"loc":{"start":{"line":21,"column":25},"end":{"line":21,"column":30}},"line":21}},"branchMap":{"0":{"loc":{"start":{"line":37,"column":9},"end":{"line":37,"column":30}},"type":"cond-expr","locations":[{"start":{"line":37,"column":21},"end":{"line":37,"column":24}},{"start":{"line":37,"column":27},"end":{"line":37,"column":30}}],"line":37}},"s":{"0":1,"1":3,"2":3,"3":3,"4":1,"5":1,"6":3},"f":{"0":3,"1":1,"2":1},"b":{"0":[1,2]},"_coverageSchema":"1a1c01bbd47fc00a2c39e90264f33305004495a9","hash":"0f4f8d620a915920a19afeb27a8732789ab40ced"}
}
