{"C:\\Users\\staro\\Desktop\\react production\\src\\shared\\lib\\classNames\\classNames.ts": {"path":"C:\\Users\\staro\\Desktop\\react production\\src\\shared\\lib\\classNames\\classNames.ts","statementMap":{"0":{"start":{"line":4,"column":1},"end":{"line":10,"column":13}},"1":{"start":{"line":8,"column":26},"end":{"line":8,"column":33}},"2":{"start":{"line":9,"column":25},"end":{"line":9,"column":34}}},"fnMap":{"0":{"name":"classNames","decl":{"start":{"line":3,"column":16},"end":{"line":3,"column":26}},"loc":{"start":{"line":3,"column":94},"end":{"line":11,"column":1}},"line":3},"1":{"name":"(anonymous_1)","decl":{"start":{"line":8,"column":11},"end":{"line":8,"column":12}},"loc":{"start":{"line":8,"column":26},"end":{"line":8,"column":33}},"line":8},"2":{"name":"(anonymous_2)","decl":{"start":{"line":9,"column":8},"end":{"line":9,"column":9}},"loc":{"start":{"line":9,"column":25},"end":{"line":9,"column":34}},"line":9}},"branchMap":{"0":{"loc":{"start":{"line":3,"column":40},"end":{"line":3,"column":56}},"type":"default-arg","locations":[{"start":{"line":3,"column":54},"end":{"line":3,"column":56}}],"line":3},"1":{"loc":{"start":{"line":3,"column":58},"end":{"line":3,"column":84}},"type":"default-arg","locations":[{"start":{"line":3,"column":82},"end":{"line":3,"column":84}}],"line":3}},"s":{"0":4,"1":4,"2":2},"f":{"0":4,"1":4,"2":2},"b":{"0":[1],"1":[2]},"_coverageSchema":"1a1c01bbd47fc00a2c39e90264f33305004495a9","hash":"30b38072cbe6e28c00deae02f105d35b037a2cce"}
}
