TN:
SF:config\jest\jestEmptyComponent.tsx
FN:3,(anonymous_0)
FNF:1
FNH:1
FNDA:9,(anonymous_0)
DA:3,1
DA:4,9
LF:2
LH:2
BRF:0
BRH:0
end_of_record
TN:
SF:src\app\providers\StoreProvider\index.ts
FNF:0
FNH:0
LF:0
LH:0
BRF:0
BRH:0
end_of_record
TN:
SF:src\app\providers\StoreProvider\config\store.ts
FN:7,createReduxStore
FNF:1
FNH:1
FNDA:6,createReduxStore
DA:8,6
DA:13,6
LF:2
LH:2
BRF:0
BRH:0
end_of_record
TN:
SF:src\app\providers\StoreProvider\ui\StoreProvider.tsx
FN:11,(anonymous_0)
FNF:1
FNH:1
FNDA:6,(anonymous_0)
DA:11,2
DA:15,6
DA:17,6
DA:19,6
LF:4
LH:4
BRF:0
BRH:0
end_of_record
TN:
SF:src\app\providers\ThemeProvider\index.ts
FNF:0
FNH:0
LF:0
LH:0
BRF:0
BRH:0
end_of_record
TN:
SF:src\app\providers\ThemeProvider\lib\ThemeContext.ts
FNF:0
FNH:0
DA:13,1
DA:17,1
LF:2
LH:2
BRF:0
BRH:0
end_of_record
TN:
SF:src\app\providers\ThemeProvider\lib\useTheme.ts
FN:9,useTheme
FN:13,(anonymous_1)
FNF:2
FNH:1
FNDA:3,useTheme
FNDA:0,(anonymous_1)
DA:10,3
DA:11,3
DA:13,3
DA:14,0
DA:15,0
DA:16,0
DA:18,0
DA:19,0
DA:22,3
LF:9
LH:4
BRDA:14,0,0,0
BRDA:14,0,1,0
BRDA:15,1,0,0
BRDA:15,1,1,0
BRF:4
BRH:0
end_of_record
TN:
SF:src\app\providers\ThemeProvider\ui\ThemeProvider.tsx
FN:7,(anonymous_0)
FN:10,(anonymous_1)
FNF:2
FNH:0
FNDA:0,(anonymous_0)
FNDA:0,(anonymous_1)
DA:5,1
DA:7,1
DA:8,0
DA:10,0
DA:15,0
LF:5
LH:2
BRDA:5,0,0,1
BRDA:5,0,1,1
BRF:2
BRH:2
end_of_record
TN:
SF:src\entities\Counter\index.ts
FNF:0
FNH:0
LF:0
LH:0
BRF:0
BRH:0
end_of_record
TN:
SF:src\entities\Counter\model\selectors\getCounter\getCounter.ts
FN:4,(anonymous_0)
FNF:1
FNH:1
FNDA:8,(anonymous_0)
DA:4,8
LF:1
LH:1
BRF:0
BRH:0
end_of_record
TN:
SF:src\entities\Counter\model\selectors\getCounterValue\getCounterValue.ts
FN:5,(anonymous_0)
FNF:1
FNH:1
FNDA:7,(anonymous_0)
DA:5,7
LF:1
LH:1
BRF:0
BRH:0
end_of_record
TN:
SF:src\entities\Counter\model\slice\counterSlice.ts
FN:12,(anonymous_0)
FN:15,(anonymous_1)
FNF:2
FNH:2
FNDA:3,(anonymous_0)
FNDA:2,(anonymous_1)
DA:4,3
DA:8,3
DA:13,3
DA:16,2
DA:24,3
LF:5
LH:5
BRF:0
BRH:0
end_of_record
TN:
SF:src\entities\Counter\ui\Counter.tsx
FN:12,(anonymous_0)
FN:20,(anonymous_1)
FN:24,(anonymous_2)
FNF:3
FNH:3
FNDA:6,(anonymous_0)
FNDA:1,(anonymous_1)
FNDA:1,(anonymous_2)
DA:12,2
DA:15,6
DA:17,6
DA:18,6
DA:20,6
DA:21,1
DA:24,6
DA:25,1
DA:28,6
LF:9
LH:9
BRF:0
BRH:0
end_of_record
TN:
SF:src\entities\User\index.ts
FNF:0
FNH:0
LF:0
LH:0
BRF:0
BRH:0
end_of_record
TN:
SF:src\entities\User\model\selectors\getUserAuthData\getUserAuthData.ts
FN:4,(anonymous_0)
FNF:1
FNH:0
FNDA:0,(anonymous_0)
DA:4,2
LF:1
LH:1
BRF:0
BRH:0
end_of_record
TN:
SF:src\entities\User\model\slice\userSlice.ts
FN:13,(anonymous_0)
FN:16,(anonymous_1)
FN:22,(anonymous_2)
FNF:3
FNH:0
FNDA:0,(anonymous_0)
FNDA:0,(anonymous_1)
FNDA:0,(anonymous_2)
DA:5,2
DA:9,2
DA:14,0
DA:17,0
DA:18,0
DA:19,0
DA:23,0
DA:24,0
DA:32,2
LF:9
LH:3
BRDA:18,0,0,0
BRDA:18,0,1,0
BRF:2
BRH:0
end_of_record
TN:
SF:src\features\AuthByUsername\index.ts
FNF:0
FNH:0
LF:0
LH:0
BRF:0
BRH:0
end_of_record
TN:
SF:src\features\AuthByUsername\model\selectors\getLoginState\getLoginState.ts
FN:4,(anonymous_0)
FNF:1
FNH:0
FNDA:0,(anonymous_0)
DA:4,2
LF:1
LH:1
BRF:0
BRH:0
end_of_record
TN:
SF:src\features\AuthByUsername\model\service\loginByUsername\loginByUsername.ts
FN:14,(anonymous_0)
FNF:1
FNH:0
FNDA:0,(anonymous_0)
DA:12,2
DA:15,0
DA:16,0
DA:18,0
DA:19,0
DA:22,0
DA:23,0
DA:24,0
DA:26,0
LF:9
LH:1
BRDA:18,0,0,0
BRDA:18,0,1,0
BRF:2
BRH:0
end_of_record
TN:
SF:src\features\AuthByUsername\model\slice\loginSlice.ts
FN:15,(anonymous_0)
FN:18,(anonymous_1)
FN:21,(anonymous_2)
FN:28,(anonymous_3)
FN:30,(anonymous_4)
FN:34,(anonymous_5)
FN:38,(anonymous_6)
FNF:7
FNH:1
FNDA:0,(anonymous_0)
FNDA:0,(anonymous_1)
FNDA:0,(anonymous_2)
FNDA:2,(anonymous_3)
FNDA:0,(anonymous_4)
FNDA:0,(anonymous_5)
FNDA:0,(anonymous_6)
DA:5,2
DA:11,2
DA:16,0
DA:19,0
DA:22,0
DA:23,0
DA:24,0
DA:25,0
DA:29,2
DA:31,0
DA:32,0
DA:35,0
DA:36,0
DA:39,0
DA:47,2
LF:15
LH:4
BRF:0
BRH:0
end_of_record
TN:
SF:src\features\AuthByUsername\ui\LoginForm\LoginForm.tsx
FN:17,(anonymous_0)
FN:32,(anonymous_1)
FN:36,(anonymous_2)
FN:40,(anonymous_3)
FNF:4
FNH:0
FNDA:0,(anonymous_0)
FNDA:0,(anonymous_1)
FNDA:0,(anonymous_2)
FNDA:0,(anonymous_3)
DA:17,2
DA:20,0
DA:22,0
DA:23,0
DA:24,0
DA:32,0
DA:33,0
DA:36,0
DA:37,0
DA:40,0
DA:41,0
DA:44,0
LF:12
LH:1
BRDA:49,0,0,0
BRDA:49,0,1,0
BRF:2
BRH:0
end_of_record
TN:
SF:src\features\AuthByUsername\ui\LoginModal\LoginModal.tsx
FN:12,(anonymous_0)
FNF:1
FNH:0
FNDA:0,(anonymous_0)
DA:12,2
DA:17,0
DA:19,0
LF:3
LH:1
BRF:0
BRH:0
end_of_record
TN:
SF:src\features\LanguageSwitcher\index.ts
FNF:0
FNH:0
LF:0
LH:0
BRF:0
BRH:0
end_of_record
TN:
SF:src\features\LanguageSwitcher\ui\LanguageSwitcher.tsx
FN:11,(anonymous_0)
FN:19,(anonymous_1)
FNF:2
FNH:1
FNDA:3,(anonymous_0)
FNDA:0,(anonymous_1)
DA:11,1
DA:15,3
DA:17,3
DA:19,3
DA:20,0
DA:27,3
DA:29,3
LF:7
LH:6
BRDA:21,0,0,0
BRDA:21,0,1,0
BRDA:27,1,0,1
BRDA:27,1,1,2
BRF:4
BRH:2
end_of_record
TN:
SF:src\features\ThemeSwitcher\index.ts
FNF:0
FNH:0
LF:0
LH:0
BRF:0
BRH:0
end_of_record
TN:
SF:src\features\ThemeSwitcher\ui\ThemeSwitcher.tsx
FN:12,(anonymous_0)
FNF:1
FNH:1
FNDA:3,(anonymous_0)
DA:12,1
DA:13,3
DA:15,3
LF:3
LH:3
BRDA:17,0,0,3
BRDA:17,0,1,3
BRDA:21,1,0,3
BRDA:21,1,1,0
BRF:4
BRH:3
end_of_record
TN:
SF:src\pages\AboutPage\index.ts
FNF:0
FNH:0
LF:0
LH:0
BRF:0
BRH:0
end_of_record
TN:
SF:src\pages\AboutPage\ui\AboutPage.lazy.tsx
FN:8,(anonymous_0)
FN:8,(anonymous_1)
FN:9,(anonymous_2)
FN:11,(anonymous_3)
FNF:4
FNH:0
FNDA:0,(anonymous_0)
FNDA:0,(anonymous_1)
FNDA:0,(anonymous_2)
FNDA:0,(anonymous_3)
DA:8,1
DA:9,0
DA:10,0
DA:11,0
LF:4
LH:1
BRF:0
BRH:0
end_of_record
TN:
SF:src\pages\MainPage\index.ts
FNF:0
FNH:0
LF:0
LH:0
BRF:0
BRH:0
end_of_record
TN:
SF:src\pages\MainPage\ui\MainPage.lazy.tsx
FN:3,(anonymous_0)
FN:4,(anonymous_1)
FNF:2
FNH:0
FNDA:0,(anonymous_0)
FNDA:0,(anonymous_1)
DA:3,1
DA:4,0
LF:2
LH:1
BRF:0
BRH:0
end_of_record
TN:
SF:src\pages\NotFoundPage\index.ts
FNF:0
FNH:0
LF:0
LH:0
BRF:0
BRH:0
end_of_record
TN:
SF:src\pages\NotFoundPage\ui\NotFoundPage.tsx
FN:10,(anonymous_0)
FNF:1
FNH:0
FNDA:0,(anonymous_0)
DA:10,1
DA:13,0
DA:15,0
DA:17,0
LF:4
LH:1
BRF:0
BRH:0
end_of_record
TN:
SF:src\shared\config\routeConfig.tsx
FNF:0
FNH:0
DA:12,1
DA:18,1
LF:2
LH:2
BRF:0
BRH:0
end_of_record
TN:
SF:src\shared\config\i18n\i18nForTest.ts
FNF:0
FNH:0
DA:4,2
LF:1
LH:1
BRF:0
BRH:0
end_of_record
TN:
SF:src\shared\const\localstorage.ts
FNF:0
FNH:0
DA:1,2
LF:1
LH:1
BRF:0
BRH:0
end_of_record
TN:
SF:src\shared\lib\classNames\classNames.ts
FN:3,classNames
FN:8,(anonymous_1)
FN:9,(anonymous_2)
FNF:3
FNH:3
FNDA:53,classNames
FNDA:63,(anonymous_1)
FNDA:6,(anonymous_2)
DA:4,53
DA:8,63
DA:9,6
LF:3
LH:3
BRDA:3,0,0,1
BRDA:3,1,0,2
BRF:2
BRH:2
end_of_record
TN:
SF:src\shared\lib\tests\componentRender\componentRender.tsx
FN:14,componentRender
FNF:1
FNH:1
FNDA:6,componentRender
DA:18,6
DA:20,6
LF:2
LH:2
BRDA:16,0,0,4
BRF:1
BRH:1
end_of_record
TN:
SF:src\shared\ui\AppLink\AppLink.tsx
FN:17,(anonymous_0)
FNF:1
FNH:1
FNDA:6,(anonymous_0)
DA:17,1
DA:24,6
DA:26,6
LF:3
LH:3
BRDA:22,0,0,0
BRF:1
BRH:0
end_of_record
TN:
SF:src\shared\ui\Button\Button.tsx
FN:27,(anonymous_0)
FN:38,(anonymous_1)
FNF:2
FNH:2
FNDA:28,(anonymous_0)
FNDA:28,(anonymous_1)
DA:27,3
DA:36,28
DA:38,28
DA:39,28
DA:40,28
DA:45,28
DA:47,28
DA:48,12
DA:51,28
DA:54,28
LF:10
LH:10
BRDA:33,0,0,22
BRDA:34,1,0,28
BRDA:47,2,0,12
BRDA:47,2,1,16
BRF:4
BRH:4
end_of_record
TN:
SF:src\shared\ui\Input\Input.tsx
FN:20,(anonymous_0)
FN:35,(anonymous_1)
FN:42,(anonymous_2)
FN:47,(anonymous_3)
FN:51,(anonymous_4)
FN:55,(anonymous_5)
FNF:6
FNH:0
FNDA:0,(anonymous_0)
FNDA:0,(anonymous_1)
FNDA:0,(anonymous_2)
FNDA:0,(anonymous_3)
FNDA:0,(anonymous_4)
FNDA:0,(anonymous_5)
DA:20,2
DA:29,0
DA:31,0
DA:32,0
DA:33,0
DA:35,0
DA:36,0
DA:37,0
DA:38,0
DA:42,0
DA:43,0
DA:44,0
DA:47,0
DA:48,0
DA:51,0
DA:52,0
DA:55,0
DA:56,0
DA:59,0
LF:19
LH:1
BRDA:25,0,0,0
BRDA:36,1,0,0
BRDA:36,1,1,0
BRDA:56,2,0,0
BRDA:56,2,1,0
BRDA:63,3,0,0
BRDA:63,3,1,0
BRDA:81,4,0,0
BRDA:81,4,1,0
BRF:9
BRH:0
end_of_record
TN:
SF:src\shared\ui\Modal\Modal.tsx
FN:16,(anonymous_0)
FN:29,(anonymous_1)
FN:35,(anonymous_2)
FN:38,(anonymous_3)
FN:45,(anonymous_4)
FN:51,(anonymous_5)
FN:60,(anonymous_6)
FN:66,(anonymous_7)
FNF:8
FNH:0
FNDA:0,(anonymous_0)
FNDA:0,(anonymous_1)
FNDA:0,(anonymous_2)
FNDA:0,(anonymous_3)
FNDA:0,(anonymous_4)
FNDA:0,(anonymous_5)
FNDA:0,(anonymous_6)
FNDA:0,(anonymous_7)
DA:14,2
DA:16,2
DA:23,0
DA:25,0
DA:26,0
DA:27,0
DA:29,0
DA:30,0
DA:31,0
DA:35,0
DA:36,0
DA:37,0
DA:38,0
DA:39,0
DA:40,0
DA:45,0
DA:46,0
DA:47,0
DA:51,0
DA:52,0
DA:53,0
DA:56,0
DA:57,0
DA:60,0
DA:61,0
DA:62,0
DA:66,0
DA:67,0
DA:70,0
DA:75,0
DA:76,0
DA:79,0
LF:32
LH:2
BRDA:30,0,0,0
BRDA:30,0,1,0
BRDA:36,1,0,0
BRDA:36,1,1,0
BRDA:46,2,0,0
BRDA:46,2,1,0
BRDA:52,3,0,0
BRDA:52,3,1,0
BRDA:56,4,0,0
BRDA:56,4,1,0
BRDA:75,5,0,0
BRDA:75,5,1,0
BRDA:75,6,0,0
BRDA:75,6,1,0
BRF:14
BRH:0
end_of_record
TN:
SF:src\shared\ui\Portal\Portal.tsx
FN:10,(anonymous_0)
FNF:1
FNH:0
FNDA:0,(anonymous_0)
DA:10,2
DA:14,0
DA:16,0
LF:3
LH:1
BRDA:13,0,0,0
BRF:1
BRH:0
end_of_record
TN:
SF:src\shared\ui\Text\Text.tsx
FN:17,(anonymous_0)
FNF:1
FNH:0
FNDA:0,(anonymous_0)
DA:17,2
DA:23,0
DA:25,0
LF:3
LH:1
BRDA:22,0,0,0
BRDA:29,1,0,0
BRDA:29,1,1,0
BRDA:30,2,0,0
BRDA:30,2,1,0
BRF:5
BRH:0
end_of_record
TN:
SF:src\widgets\Sidebar\index.ts
FNF:0
FNH:0
LF:0
LH:0
BRF:0
BRH:0
end_of_record
TN:
SF:src\widgets\Sidebar\ui\Sidebar\Sidebar.tsx
FN:18,(anonymous_0)
FN:27,(anonymous_1)
FN:28,(anonymous_2)
FNF:3
FNH:3
FNDA:3,(anonymous_0)
FNDA:1,(anonymous_1)
FNDA:1,(anonymous_2)
DA:18,1
DA:21,3
DA:23,3
DA:25,3
DA:27,3
DA:28,1
DA:31,3
LF:7
LH:7
BRDA:44,0,0,1
BRDA:44,0,1,2
BRF:2
BRH:2
end_of_record
